[debug] [2021-08-31T14:31:18.888Z] ----------------------------------------------------------------------
[debug] [2021-08-31T14:31:18.890Z] Command:       /Users/stephanesolida/.nvm/versions/node/v14.11.0/bin/node /Users/stephanesolida/.nvm/versions/node/v14.11.0/bin/firebase init
[debug] [2021-08-31T14:31:18.890Z] CLI Version:   9.16.6
[debug] [2021-08-31T14:31:18.890Z] Platform:      darwin
[debug] [2021-08-31T14:31:18.890Z] Node Version:  v14.11.0
[debug] [2021-08-31T14:31:18.891Z] Time:          Tue Aug 31 2021 16:31:18 GMT+0200 (Central European Summer Time)
[debug] [2021-08-31T14:31:18.892Z] ----------------------------------------------------------------------
[debug] 
[debug] [2021-08-31T14:31:18.894Z] >>> [apiv2][query] GET https://firebase-public.firebaseio.com/cli.json [none]
[debug] [2021-08-31T14:31:18.915Z] > command requires scopes: ["email","openid","https://www.googleapis.com/auth/cloudplatformprojects.readonly","https://www.googleapis.com/auth/firebase","https://www.googleapis.com/auth/cloud-platform"]
[debug] [2021-08-31T14:31:18.915Z] > authorizing via signed-in user (stephane.solida@in-tact.fr)
[info] 
     ######## #### ########  ######## ########     ###     ######  ########
     ##        ##  ##     ## ##       ##     ##  ##   ##  ##       ##
     ######    ##  ########  ######   ########  #########  ######  ######
     ##        ##  ##    ##  ##       ##     ## ##     ##       ## ##
     ##       #### ##     ## ######## ########  ##     ##  ######  ########

You're about to initialize a Firebase project in this directory:

  /Users/stephanesolida/Documents/catalino

[debug] [2021-08-31T14:31:19.380Z] <<< [apiv2][status] GET https://firebase-public.firebaseio.com/cli.json 200
[debug] [2021-08-31T14:31:19.381Z] <<< [apiv2][body] GET https://firebase-public.firebaseio.com/cli.json {"cloudBuildErrorAfter":1594252800000,"cloudBuildWarnAfter":1590019200000,"defaultNode10After":1594252800000,"minVersion":"3.0.5","node8DeploysDisabledAfter":1613390400000,"node8RuntimeDisabledAfter":1615809600000,"node8WarnAfter":1600128000000}
