[debug] [2021-08-31T14:35:58.562Z] ----------------------------------------------------------------------
[debug] [2021-08-31T14:35:58.565Z] Command:       /Users/stephanesolida/.nvm/versions/node/v14.11.0/bin/node /Users/stephanesolida/.nvm/versions/node/v14.11.0/bin/firebase projects:list
[debug] [2021-08-31T14:35:58.566Z] CLI Version:   9.16.6
[debug] [2021-08-31T14:35:58.566Z] Platform:      darwin
[debug] [2021-08-31T14:35:58.566Z] Node Version:  v14.11.0
[debug] [2021-08-31T14:35:58.568Z] Time:          Tue Aug 31 2021 16:35:58 GMT+0200 (Central European Summer Time)
[debug] [2021-08-31T14:35:58.568Z] ----------------------------------------------------------------------
[debug] 
[debug] [2021-08-31T14:35:58.576Z] > command requires scopes: ["email","openid","https://www.googleapis.com/auth/cloudplatformprojects.readonly","https://www.googleapis.com/auth/firebase","https://www.googleapis.com/auth/cloud-platform"]
[debug] [2021-08-31T14:35:58.576Z] > authorizing via signed-in user (stephane.solida@in-tact.fr)
[debug] [2021-08-31T14:35:58.581Z] > refreshing access token with scopes: []
[debug] [2021-08-31T14:35:58.582Z] >>> HTTP REQUEST POST https://www.googleapis.com/oauth2/v3/token  
 <request body omitted>
[debug] [2021-08-31T14:35:58.762Z] <<< HTTP RESPONSE 400 {"cache-control":"no-cache, no-store, max-age=0, must-revalidate","date":"Tue, 31 Aug 2021 14:35:58 GMT","pragma":"no-cache","expires":"Mon, 01 Jan 1990 00:00:00 GMT","content-type":"application/json; charset=utf-8","vary":"X-Origin, Referer, Origin,Accept-Encoding","server":"scaffolding on HTTPServer2","x-xss-protection":"0","x-frame-options":"SAMEORIGIN","x-content-type-options":"nosniff","alt-svc":"h3=\":443\"; ma=2592000,h3-29=\":443\"; ma=2592000,h3-T051=\":443\"; ma=2592000,h3-Q050=\":443\"; ma=2592000,h3-Q046=\":443\"; ma=2592000,h3-Q043=\":443\"; ma=2592000,quic=\":443\"; ma=2592000; v=\"46,43\"","accept-ranges":"none","transfer-encoding":"chunked"}
[debug] [2021-08-31T14:35:58.764Z] >>> [apiv2][query] GET https://firebase.googleapis.com/v1beta1/projects pageSize=1000
[debug] [2021-08-31T14:35:58.932Z] <<< [apiv2][status] GET https://firebase.googleapis.com/v1beta1/projects 401
[debug] [2021-08-31T14:35:58.932Z] <<< [apiv2][body] GET https://firebase.googleapis.com/v1beta1/projects [omitted]
[debug] [2021-08-31T14:35:58.936Z] HTTP Error: 401, Request had invalid authentication credentials. Expected OAuth 2 access token, login cookie or other valid authentication credential. See https://developers.google.com/identity/sign-in/web/devconsole-project.
[debug] [2021-08-31T14:35:58.938Z] FirebaseError: HTTP Error: 401, Request had invalid authentication credentials. Expected OAuth 2 access token, login cookie or other valid authentication credential. See https://developers.google.com/identity/sign-in/web/devconsole-project.
    at module.exports (/Users/stephanesolida/.nvm/versions/node/v14.11.0/lib/node_modules/firebase-tools/lib/responseToError.js:38:12)
    at Client.doRequest (/Users/stephanesolida/.nvm/versions/node/v14.11.0/lib/node_modules/firebase-tools/lib/apiv2.js:238:23)
    at processTicksAndRejections (internal/process/task_queues.js:93:5)
    at async Client.request (/Users/stephanesolida/.nvm/versions/node/v14.11.0/lib/node_modules/firebase-tools/lib/apiv2.js:96:20)
    at async getProjectPage (/Users/stephanesolida/.nvm/versions/node/v14.11.0/lib/node_modules/firebase-tools/lib/management/projects.js:233:17)
    at async getFirebaseProjectPage (/Users/stephanesolida/.nvm/versions/node/v14.11.0/lib/node_modules/firebase-tools/lib/management/projects.js:250:23)
    at async Object.listFirebaseProjects (/Users/stephanesolida/.nvm/versions/node/v14.11.0/lib/node_modules/firebase-tools/lib/management/projects.js:281:29)
    at async Command.actionFn (/Users/stephanesolida/.nvm/versions/node/v14.11.0/lib/node_modules/firebase-tools/lib/commands/projects-list.js:50:20)
[error] 
[error] Error: Failed to list Firebase projects. See firebase-debug.log for more info.
